[debug] [2023-04-25T07:30:03.861Z] ----------------------------------------------------------------------
[debug] [2023-04-25T07:30:03.862Z] Command:       /Users/amandalee/.nvm/versions/node/v16.16.0/bin/node /Users/amandalee/.nvm/versions/node/v16.16.0/bin/firebase init
[debug] [2023-04-25T07:30:03.862Z] CLI Version:   11.28.0
[debug] [2023-04-25T07:30:03.862Z] Platform:      darwin
[debug] [2023-04-25T07:30:03.862Z] Node Version:  v16.16.0
[debug] [2023-04-25T07:30:03.863Z] Time:          Tue Apr 25 2023 00:30:03 GMT-0700 (Pacific Daylight Time)
[debug] [2023-04-25T07:30:03.863Z] ----------------------------------------------------------------------
[debug] 
[debug] [2023-04-25T07:30:03.866Z] > command requires scopes: ["email","openid","https://www.googleapis.com/auth/cloudplatformprojects.readonly","https://www.googleapis.com/auth/firebase","https://www.googleapis.com/auth/cloud-platform"]
[debug] [2023-04-25T07:30:03.866Z] > authorizing via signed-in user (yueping.lee@aya.yale.edu)
[info] 
     ######## #### ########  ######## ########     ###     ######  ########
     ##        ##  ##     ## ##       ##     ##  ##   ##  ##       ##
     ######    ##  ########  ######   ########  #########  ######  ######
     ##        ##  ##    ##  ##       ##     ## ##     ##       ## ##
     ##       #### ##     ## ######## ########  ##     ##  ######  ########

You're about to initialize a Firebase project in this directory:

  /Users/amandalee/Documents/Sofia University/MSCS2101 – Software Engineering/Project/budgetbuddy

[info] 
=== Project Setup
[info] 
[info] First, let's associate this project directory with a Firebase project.
[info] You can create multiple project aliases by running firebase use --add, 
[info] but for now we'll just set up a default project.
[info] 
[debug] [2023-04-25T07:30:21.318Z] > refreshing access token with scopes: []
[debug] [2023-04-25T07:30:21.320Z] >>> [apiv2][query] POST https://www.googleapis.com/oauth2/v3/token [none]
[debug] [2023-04-25T07:30:21.321Z] >>> [apiv2][body] POST https://www.googleapis.com/oauth2/v3/token [omitted]
[debug] [2023-04-25T07:30:21.631Z] <<< [apiv2][status] POST https://www.googleapis.com/oauth2/v3/token 200
[debug] [2023-04-25T07:30:21.631Z] <<< [apiv2][body] POST https://www.googleapis.com/oauth2/v3/token [omitted]
[debug] [2023-04-25T07:30:21.680Z] >>> [apiv2][query] GET https://firebase.googleapis.com/v1beta1/projects pageSize=100
[debug] [2023-04-25T07:30:22.851Z] <<< [apiv2][status] GET https://firebase.googleapis.com/v1beta1/projects 200
[debug] [2023-04-25T07:30:22.851Z] <<< [apiv2][body] GET https://firebase.googleapis.com/v1beta1/projects [omitted]
[info] i  Using project budget-buddy-18354 (Budget Buddy) 
[info] 
=== Database Setup
[info] i  database: ensuring required API firebasedatabase.googleapis.com is enabled... 
[debug] [2023-04-25T07:30:23.982Z] >>> [apiv2][query] GET https://serviceusage.googleapis.com/v1/projects/budget-buddy-18354/services/firebasedatabase.googleapis.com [none]
[debug] [2023-04-25T07:30:23.983Z] >>> [apiv2][(partial)header] GET https://serviceusage.googleapis.com/v1/projects/budget-buddy-18354/services/firebasedatabase.googleapis.com x-goog-quota-user=projects/budget-buddy-18354
[debug] [2023-04-25T07:30:24.511Z] <<< [apiv2][status] GET https://serviceusage.googleapis.com/v1/projects/budget-buddy-18354/services/firebasedatabase.googleapis.com 200
[debug] [2023-04-25T07:30:24.511Z] <<< [apiv2][body] GET https://serviceusage.googleapis.com/v1/projects/budget-buddy-18354/services/firebasedatabase.googleapis.com [omitted]
[warn] ⚠  database: missing required API firebasedatabase.googleapis.com. Enabling now... 
[debug] [2023-04-25T07:30:24.512Z] >>> [apiv2][query] POST https://serviceusage.googleapis.com/v1/projects/budget-buddy-18354/services/firebasedatabase.googleapis.com:enable [none]
[debug] [2023-04-25T07:30:24.512Z] >>> [apiv2][(partial)header] POST https://serviceusage.googleapis.com/v1/projects/budget-buddy-18354/services/firebasedatabase.googleapis.com:enable x-goog-quota-user=projects/budget-buddy-18354
[debug] [2023-04-25T07:30:25.689Z] <<< [apiv2][status] POST https://serviceusage.googleapis.com/v1/projects/budget-buddy-18354/services/firebasedatabase.googleapis.com:enable 200
[debug] [2023-04-25T07:30:25.690Z] <<< [apiv2][body] POST https://serviceusage.googleapis.com/v1/projects/budget-buddy-18354/services/firebasedatabase.googleapis.com:enable [omitted]
[debug] [2023-04-25T07:30:35.693Z] >>> [apiv2][query] GET https://serviceusage.googleapis.com/v1/projects/budget-buddy-18354/services/firebasedatabase.googleapis.com [none]
[debug] [2023-04-25T07:30:35.694Z] >>> [apiv2][(partial)header] GET https://serviceusage.googleapis.com/v1/projects/budget-buddy-18354/services/firebasedatabase.googleapis.com x-goog-quota-user=projects/budget-buddy-18354
[debug] [2023-04-25T07:30:36.161Z] <<< [apiv2][status] GET https://serviceusage.googleapis.com/v1/projects/budget-buddy-18354/services/firebasedatabase.googleapis.com 200
[debug] [2023-04-25T07:30:36.162Z] <<< [apiv2][body] GET https://serviceusage.googleapis.com/v1/projects/budget-buddy-18354/services/firebasedatabase.googleapis.com [omitted]
[info] ✔  database: required API firebasedatabase.googleapis.com is enabled 
[info] 
[debug] [2023-04-25T07:30:36.169Z] >>> [apiv2][query] GET https://firebase.googleapis.com/v1beta1/projects/budget-buddy-18354 [none]
[debug] [2023-04-25T07:30:36.599Z] <<< [apiv2][status] GET https://firebase.googleapis.com/v1beta1/projects/budget-buddy-18354 200
[debug] [2023-04-25T07:30:36.600Z] <<< [apiv2][body] GET https://firebase.googleapis.com/v1beta1/projects/budget-buddy-18354 {"projectId":"budget-buddy-18354","projectNumber":"409312370584","displayName":"Budget Buddy","name":"projects/budget-buddy-18354","resources":{"hostingSite":"budget-buddy-18354"},"state":"ACTIVE","etag":"1_e3a39c9b-5c98-4886-be1a-807896c30629"}
[debug] [2023-04-25T07:30:45.452Z] >>> [apiv2][query] POST https://firebasedatabase.googleapis.com/v1beta/projects/budget-buddy-18354/locations/us-central1/instances databaseId=budget-buddy-18354-default-rtdb&validateOnly=true
[debug] [2023-04-25T07:30:45.452Z] >>> [apiv2][body] POST https://firebasedatabase.googleapis.com/v1beta/projects/budget-buddy-18354/locations/us-central1/instances {"type":"default_database"}
[debug] [2023-04-25T07:30:45.997Z] <<< [apiv2][status] POST https://firebasedatabase.googleapis.com/v1beta/projects/budget-buddy-18354/locations/us-central1/instances 200
[debug] [2023-04-25T07:30:45.997Z] <<< [apiv2][body] POST https://firebasedatabase.googleapis.com/v1beta/projects/budget-buddy-18354/locations/us-central1/instances {"name":"projects/409312370584/locations/us-central1/instances/budget-buddy-18354-default-rtdb","project":"projects/409312370584","databaseUrl":"https://budget-buddy-18354-default-rtdb.firebaseio.com","type":"DEFAULT_DATABASE","state":"ACTIVE"}
[debug] [2023-04-25T07:30:46.000Z] >>> [apiv2][query] POST https://firebasedatabase.googleapis.com/v1beta/projects/budget-buddy-18354/locations/us-central1/instances databaseId=budget-buddy-18354-default-rtdb
[debug] [2023-04-25T07:30:46.000Z] >>> [apiv2][body] POST https://firebasedatabase.googleapis.com/v1beta/projects/budget-buddy-18354/locations/us-central1/instances {"type":"default_database"}
[debug] [2023-04-25T07:30:46.881Z] <<< [apiv2][status] POST https://firebasedatabase.googleapis.com/v1beta/projects/budget-buddy-18354/locations/us-central1/instances 200
[debug] [2023-04-25T07:30:46.882Z] <<< [apiv2][body] POST https://firebasedatabase.googleapis.com/v1beta/projects/budget-buddy-18354/locations/us-central1/instances {"name":"projects/409312370584/locations/us-central1/instances/budget-buddy-18354-default-rtdb","project":"projects/409312370584","databaseUrl":"https://budget-buddy-18354-default-rtdb.firebaseio.com","type":"DEFAULT_DATABASE","state":"ACTIVE"}
[info] 
[info] Firebase Realtime Database Security Rules allow you to define how your data should be
[info] structured and when your data can be read from and written to.
[info] 
[debug] [2023-04-25T07:30:52.410Z] >>> [apiv2][query] GET https://budget-buddy-18354-default-rtdb.firebaseio.com/.settings/rules.json [none]
[debug] [2023-04-25T07:30:53.076Z] <<< [apiv2][status] GET https://budget-buddy-18354-default-rtdb.firebaseio.com/.settings/rules.json 200
[debug] [2023-04-25T07:30:53.077Z] <<< [apiv2][body] GET https://budget-buddy-18354-default-rtdb.firebaseio.com/.settings/rules.json [stream]
[info] ✔  Database Rules for budget-buddy-18354-default-rtdb have been written to database.rules.json. 
[info] Future modifications to database.rules.json will update Realtime Database Security Rules when you run
[info] firebase deploy.
[info] 
=== Firestore Setup
[debug] [2023-04-25T07:30:53.081Z] >>> [apiv2][query] GET https://serviceusage.googleapis.com/v1/projects/budget-buddy-18354/services/firestore.googleapis.com [none]
[debug] [2023-04-25T07:30:53.081Z] >>> [apiv2][(partial)header] GET https://serviceusage.googleapis.com/v1/projects/budget-buddy-18354/services/firestore.googleapis.com x-goog-quota-user=projects/budget-buddy-18354
[debug] [2023-04-25T07:30:53.694Z] <<< [apiv2][status] GET https://serviceusage.googleapis.com/v1/projects/budget-buddy-18354/services/firestore.googleapis.com 200
[debug] [2023-04-25T07:30:53.694Z] <<< [apiv2][body] GET https://serviceusage.googleapis.com/v1/projects/budget-buddy-18354/services/firestore.googleapis.com [omitted]
[debug] [2023-04-25T07:30:53.695Z] >>> [apiv2][query] GET https://firestore.googleapis.com/v1/projects/budget-buddy-18354/databases/(default) [none]
[debug] [2023-04-25T07:30:54.105Z] <<< [apiv2][status] GET https://firestore.googleapis.com/v1/projects/budget-buddy-18354/databases/(default) 200
[debug] [2023-04-25T07:30:54.105Z] <<< [apiv2][body] GET https://firestore.googleapis.com/v1/projects/budget-buddy-18354/databases/(default) {"name":"projects/budget-buddy-18354/databases/(default)","uid":"760b339f-67fd-4062-9cfa-e8be12768754","createTime":"2023-04-25T03:17:51.648850Z","updateTime":"2023-04-25T03:17:51.648850Z","locationId":"nam5","type":"FIRESTORE_NATIVE","concurrencyMode":"PESSIMISTIC","appEngineIntegrationMode":"DISABLED","keyPrefix":"s","deleteProtectionState":"DELETE_PROTECTION_DISABLED","etag":"INqjitTBxP4CMPLm7KyKxP4C"}
[debug] [2023-04-25T07:30:54.106Z] database_type: FIRESTORE_NATIVE
[debug] [2023-04-25T07:30:54.106Z] > command requires scopes: ["email","openid","https://www.googleapis.com/auth/cloudplatformprojects.readonly","https://www.googleapis.com/auth/firebase","https://www.googleapis.com/auth/cloud-platform"]
[debug] [2023-04-25T07:30:54.106Z] > authorizing via signed-in user (yueping.lee@aya.yale.edu)
[debug] [2023-04-25T07:30:54.106Z] [iam] checking project budget-buddy-18354 for permissions ["firebase.projects.get"]
[debug] [2023-04-25T07:30:54.107Z] >>> [apiv2][query] POST https://cloudresourcemanager.googleapis.com/v1/projects/budget-buddy-18354:testIamPermissions [none]
[debug] [2023-04-25T07:30:54.107Z] >>> [apiv2][(partial)header] POST https://cloudresourcemanager.googleapis.com/v1/projects/budget-buddy-18354:testIamPermissions x-goog-quota-user=projects/budget-buddy-18354
[debug] [2023-04-25T07:30:54.107Z] >>> [apiv2][body] POST https://cloudresourcemanager.googleapis.com/v1/projects/budget-buddy-18354:testIamPermissions {"permissions":["firebase.projects.get"]}
[debug] [2023-04-25T07:30:54.424Z] <<< [apiv2][status] POST https://cloudresourcemanager.googleapis.com/v1/projects/budget-buddy-18354:testIamPermissions 200
[debug] [2023-04-25T07:30:54.425Z] <<< [apiv2][body] POST https://cloudresourcemanager.googleapis.com/v1/projects/budget-buddy-18354:testIamPermissions {"permissions":["firebase.projects.get"]}
[info] 
[info] Firestore Security Rules allow you to define how and when to allow
[info] requests. You can keep these rules in your project directory
[info] and publish them with firebase deploy.
[info] 
[debug] [2023-04-25T07:30:56.151Z] >>> [apiv2][query] GET https://firebaserules.googleapis.com/v1/projects/budget-buddy-18354/releases pageSize=10&pageToken=
[debug] [2023-04-25T07:30:56.515Z] <<< [apiv2][status] GET https://firebaserules.googleapis.com/v1/projects/budget-buddy-18354/releases 200
[debug] [2023-04-25T07:30:56.515Z] <<< [apiv2][body] GET https://firebaserules.googleapis.com/v1/projects/budget-buddy-18354/releases {"releases":[{"name":"projects/budget-buddy-18354/releases/cloud.firestore","rulesetName":"projects/budget-buddy-18354/rulesets/87b26df2-b950-4fde-9488-cef666091986","createTime":"2023-04-25T03:17:53.811641Z","updateTime":"2023-04-25T03:17:53.811641Z"}]}
[debug] [2023-04-25T07:30:56.516Z] Found ruleset: projects/budget-buddy-18354/rulesets/87b26df2-b950-4fde-9488-cef666091986
[debug] [2023-04-25T07:30:56.516Z] >>> [apiv2][query] GET https://firebaserules.googleapis.com/v1/projects/budget-buddy-18354/rulesets/87b26df2-b950-4fde-9488-cef666091986 [none]
[debug] [2023-04-25T07:30:56.868Z] <<< [apiv2][status] GET https://firebaserules.googleapis.com/v1/projects/budget-buddy-18354/rulesets/87b26df2-b950-4fde-9488-cef666091986 200
[debug] [2023-04-25T07:30:56.869Z] <<< [apiv2][body] GET https://firebaserules.googleapis.com/v1/projects/budget-buddy-18354/rulesets/87b26df2-b950-4fde-9488-cef666091986 [omitted]
[info] 
[info] Firestore indexes allow you to perform complex queries while
[info] maintaining performance that scales with the size of the result
[info] set. You can keep index definitions in your project directory
[info] and publish them with firebase deploy.
[info] 
[debug] [2023-04-25T07:30:57.821Z] >>> [apiv2][query] GET https://firestore.googleapis.com/v1/projects/budget-buddy-18354/databases/(default)/collectionGroups/-/indexes [none]
[debug] [2023-04-25T07:30:57.822Z] >>> [apiv2][query] GET https://firestore.googleapis.com/v1/projects/budget-buddy-18354/databases/(default)/collectionGroups/-/fields?filter=indexConfig.usesAncestorConfig=false OR ttlConfig:* [none]
[debug] [2023-04-25T07:30:58.202Z] <<< [apiv2][status] GET https://firestore.googleapis.com/v1/projects/budget-buddy-18354/databases/(default)/collectionGroups/-/indexes 200
[debug] [2023-04-25T07:30:58.202Z] <<< [apiv2][body] GET https://firestore.googleapis.com/v1/projects/budget-buddy-18354/databases/(default)/collectionGroups/-/indexes {}
[debug] [2023-04-25T07:30:58.203Z] <<< [apiv2][status] GET https://firestore.googleapis.com/v1/projects/budget-buddy-18354/databases/(default)/collectionGroups/-/fields?filter=indexConfig.usesAncestorConfig=false OR ttlConfig:* 200
[debug] [2023-04-25T07:30:58.203Z] <<< [apiv2][body] GET https://firestore.googleapis.com/v1/projects/budget-buddy-18354/databases/(default)/collectionGroups/-/fields?filter=indexConfig.usesAncestorConfig=false OR ttlConfig:* {"fields":[{"name":"projects/budget-buddy-18354/databases/(default)/collectionGroups/__default__/fields/*","indexConfig":{"indexes":[{"queryScope":"COLLECTION","fields":[{"fieldPath":"*","order":"ASCENDING"}],"state":"READY"},{"queryScope":"COLLECTION","fields":[{"fieldPath":"*","order":"DESCENDING"}],"state":"READY"},{"queryScope":"COLLECTION","fields":[{"fieldPath":"*","arrayConfig":"CONTAINS"}],"state":"READY"}]}}]}
[info] 
=== Functions Setup
[debug] [2023-04-25T07:30:58.206Z] > command requires scopes: ["email","openid","https://www.googleapis.com/auth/cloudplatformprojects.readonly","https://www.googleapis.com/auth/firebase","https://www.googleapis.com/auth/cloud-platform"]
[debug] [2023-04-25T07:30:58.206Z] > authorizing via signed-in user (yueping.lee@aya.yale.edu)
[debug] [2023-04-25T07:30:58.206Z] [iam] checking project budget-buddy-18354 for permissions ["firebase.projects.get"]
[debug] [2023-04-25T07:30:58.206Z] >>> [apiv2][query] POST https://cloudresourcemanager.googleapis.com/v1/projects/budget-buddy-18354:testIamPermissions [none]
[debug] [2023-04-25T07:30:58.206Z] >>> [apiv2][(partial)header] POST https://cloudresourcemanager.googleapis.com/v1/projects/budget-buddy-18354:testIamPermissions x-goog-quota-user=projects/budget-buddy-18354
[debug] [2023-04-25T07:30:58.206Z] >>> [apiv2][body] POST https://cloudresourcemanager.googleapis.com/v1/projects/budget-buddy-18354:testIamPermissions {"permissions":["firebase.projects.get"]}
[debug] [2023-04-25T07:30:58.501Z] <<< [apiv2][status] POST https://cloudresourcemanager.googleapis.com/v1/projects/budget-buddy-18354:testIamPermissions 200
[debug] [2023-04-25T07:30:58.501Z] <<< [apiv2][body] POST https://cloudresourcemanager.googleapis.com/v1/projects/budget-buddy-18354:testIamPermissions {"permissions":["firebase.projects.get"]}
[debug] [2023-04-25T07:30:58.501Z] >>> [apiv2][query] GET https://serviceusage.googleapis.com/v1/projects/budget-buddy-18354/services/cloudfunctions.googleapis.com [none]
[debug] [2023-04-25T07:30:58.502Z] >>> [apiv2][(partial)header] GET https://serviceusage.googleapis.com/v1/projects/budget-buddy-18354/services/cloudfunctions.googleapis.com x-goog-quota-user=projects/budget-buddy-18354
[debug] [2023-04-25T07:30:58.503Z] >>> [apiv2][query] GET https://serviceusage.googleapis.com/v1/projects/budget-buddy-18354/services/runtimeconfig.googleapis.com [none]
[debug] [2023-04-25T07:30:58.503Z] >>> [apiv2][(partial)header] GET https://serviceusage.googleapis.com/v1/projects/budget-buddy-18354/services/runtimeconfig.googleapis.com x-goog-quota-user=projects/budget-buddy-18354
[debug] [2023-04-25T07:30:58.948Z] <<< [apiv2][status] GET https://serviceusage.googleapis.com/v1/projects/budget-buddy-18354/services/cloudfunctions.googleapis.com 200
[debug] [2023-04-25T07:30:58.948Z] <<< [apiv2][body] GET https://serviceusage.googleapis.com/v1/projects/budget-buddy-18354/services/cloudfunctions.googleapis.com [omitted]
[debug] [2023-04-25T07:30:58.948Z] >>> [apiv2][query] POST https://serviceusage.googleapis.com/v1/projects/budget-buddy-18354/services/cloudfunctions.googleapis.com:enable [none]
[debug] [2023-04-25T07:30:58.948Z] >>> [apiv2][(partial)header] POST https://serviceusage.googleapis.com/v1/projects/budget-buddy-18354/services/cloudfunctions.googleapis.com:enable x-goog-quota-user=projects/budget-buddy-18354
[debug] [2023-04-25T07:30:58.951Z] <<< [apiv2][status] GET https://serviceusage.googleapis.com/v1/projects/budget-buddy-18354/services/runtimeconfig.googleapis.com 200
[debug] [2023-04-25T07:30:58.951Z] <<< [apiv2][body] GET https://serviceusage.googleapis.com/v1/projects/budget-buddy-18354/services/runtimeconfig.googleapis.com [omitted]
[debug] [2023-04-25T07:31:00.316Z] <<< [apiv2][status] POST https://serviceusage.googleapis.com/v1/projects/budget-buddy-18354/services/cloudfunctions.googleapis.com:enable 200
[debug] [2023-04-25T07:31:00.316Z] <<< [apiv2][body] POST https://serviceusage.googleapis.com/v1/projects/budget-buddy-18354/services/cloudfunctions.googleapis.com:enable [omitted]
[debug] [2023-04-25T07:31:10.318Z] >>> [apiv2][query] GET https://serviceusage.googleapis.com/v1/projects/budget-buddy-18354/services/cloudfunctions.googleapis.com [none]
[debug] [2023-04-25T07:31:10.319Z] >>> [apiv2][(partial)header] GET https://serviceusage.googleapis.com/v1/projects/budget-buddy-18354/services/cloudfunctions.googleapis.com x-goog-quota-user=projects/budget-buddy-18354
[debug] [2023-04-25T07:31:10.778Z] <<< [apiv2][status] GET https://serviceusage.googleapis.com/v1/projects/budget-buddy-18354/services/cloudfunctions.googleapis.com 200
[debug] [2023-04-25T07:31:10.778Z] <<< [apiv2][body] GET https://serviceusage.googleapis.com/v1/projects/budget-buddy-18354/services/cloudfunctions.googleapis.com [omitted]
[info] Let's create a new codebase for your functions.
[info] A directory corresponding to the codebase will be created in your project
[info] with sample code pre-configured.

[info] See https://firebase.google.com/docs/functions/organize-functions for
[info] more information on organizing your functions using codebases.

[info] Functions can be deployed with firebase deploy.

[info] ✔  Wrote functions/package.json 
[info] ✔  Wrote functions/.eslintrc.js 
[info] ✔  Wrote functions/index.js 
[info] ✔  Wrote functions/.gitignore 
[info] 
=== Hosting Setup
[info] 
[info] Your public directory is the folder (relative to your project directory) that
[info] will contain Hosting assets to be uploaded with firebase deploy. If you
[info] have a build process for your assets, use your build's output directory.
[info] 
[info] ✔  Wrote public/404.html 
[debug] [2023-04-25T07:31:47.880Z] >>> [apiv2][query] GET https://www.gstatic.com/firebasejs/releases.json [none]
[debug] [2023-04-25T07:31:48.193Z] <<< [apiv2][status] GET https://www.gstatic.com/firebasejs/releases.json 200
[debug] [2023-04-25T07:31:48.193Z] <<< [apiv2][body] GET https://www.gstatic.com/firebasejs/releases.json {"current":{"version":"9.20.0","browserURL":"https://www.gstatic.com/firebasejs/9.20.0/firebase.js","packageURL":"https://www.gstatic.com/firebasejs/9.20.0/firebase.tgz"},"live":{"version":"9.20","browserURL":"https://www.gstatic.com/firebasejs/live/9.20/firebase.js","packageURL":"https://www.gstatic.com/firebasejs/live/9.20/firebase.tgz"},"components":{"analytics":"https://www.gstatic.com/firebasejs/9.20.0/firebase-analytics.js","app":"https://www.gstatic.com/firebasejs/9.20.0/firebase-app.js","app-check":"https://www.gstatic.com/firebasejs/9.20.0/firebase-app-check.js","auth":"https://www.gstatic.com/firebasejs/9.20.0/firebase-auth.js","auth/cordova":"https://www.gstatic.com/firebasejs/9.20.0/firebase-auth/cordova.js","auth/react-native":"https://www.gstatic.com/firebasejs/9.20.0/firebase-auth/react-native.js","functions":"https://www.gstatic.com/firebasejs/9.20.0/firebase-functions.js","firestore":"https://www.gstatic.com/firebasejs/9.20.0/firebase-firestore.js","firestore/lite":"https://www.gstatic.com/firebasejs/9.20.0/firebase-firestore/lite.js","installations":"https://www.gstatic.com/firebasejs/9.20.0/firebase-installations.js","storage":"https://www.gstatic.com/firebasejs/9.20.0/firebase-storage.js","performance":"https://www.gstatic.com/firebasejs/9.20.0/firebase-performance.js","remote-config":"https://www.gstatic.com/firebasejs/9.20.0/firebase-remote-config.js","messaging":"https://www.gstatic.com/firebasejs/9.20.0/firebase-messaging.js","messaging/sw":"https://www.gstatic.com/firebasejs/9.20.0/firebase-messaging/sw.js","database":"https://www.gstatic.com/firebasejs/9.20.0/firebase-database.js","firestore.memory":"https://www.gstatic.com/firebasejs/9.20.0/firebase-firestore.memory.js"}}
[info] i  Skipping write of public/index.html 
[info] 
[info] i  Detected a .git folder at /Users/amandalee/Documents/Sofia University/MSCS2101 – Software Engineering/Project/budgetbuddy 
[info] i  Authorizing with GitHub to upload your service account to a GitHub repository's secrets store. 
[info] 
[info] Visit this URL on this device to log in:
[info] https://github.com/login/oauth/authorize?client_id=89cf50f02ac6aaed3484&state=360400918&redirect_uri=http%3A%2F%2Flocalhost%3A9005&scope=read%3Auser%20repo%20public_repo
[info] 
[info] Waiting for authentication...
[debug] [2023-04-25T07:32:48.781Z] >>> [apiv2][query] POST https://github.com/login/oauth/access_token [none]
[debug] [2023-04-25T07:32:48.781Z] >>> [apiv2][body] POST https://github.com/login/oauth/access_token [stream]
[debug] [2023-04-25T07:32:49.232Z] <<< [apiv2][status] POST https://github.com/login/oauth/access_token 200
[debug] [2023-04-25T07:32:49.232Z] <<< [apiv2][body] POST https://github.com/login/oauth/access_token {"access_token":"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","token_type":"bearer","scope":"read:user,repo"}
[debug] [2023-04-25T07:32:49.240Z] >>> [apiv2][query] GET https://api.github.com/user [none]
[debug] [2023-04-25T07:32:49.822Z] <<< [apiv2][status] GET https://api.github.com/user 200
[debug] [2023-04-25T07:32:49.822Z] <<< [apiv2][body] GET https://api.github.com/user {"login":"mandaleeyp","id":22006726,"node_id":"MDQ6VXNlcjIyMDA2NzI2","avatar_url":"https://avatars.githubusercontent.com/u/22006726?v=4","gravatar_id":"","url":"https://api.github.com/users/mandaleeyp","html_url":"https://github.com/mandaleeyp","followers_url":"https://api.github.com/users/mandaleeyp/followers","following_url":"https://api.github.com/users/mandaleeyp/following{/other_user}","gists_url":"https://api.github.com/users/mandaleeyp/gists{/gist_id}","starred_url":"https://api.github.com/users/mandaleeyp/starred{/owner}{/repo}","subscriptions_url":"https://api.github.com/users/mandaleeyp/subscriptions","organizations_url":"https://api.github.com/users/mandaleeyp/orgs","repos_url":"https://api.github.com/users/mandaleeyp/repos","events_url":"https://api.github.com/users/mandaleeyp/events{/privacy}","received_events_url":"https://api.github.com/users/mandaleeyp/received_events","type":"User","site_admin":false,"name":"Amanda Lee","company":null,"blog":"","location":null,"email":null,"hireable":null,"bio":null,"twitter_username":null,"public_repos":21,"public_gists":0,"followers":0,"following":1,"created_at":"2016-09-05T13:55:22Z","updated_at":"2023-04-13T22:39:26Z","private_gists":0,"total_private_repos":8,"owned_private_repos":8,"disk_usage":190230,"collaborators":3,"two_factor_authentication":true,"plan":{"name":"free","space":976562499,"collaborators":0,"private_repos":10000}}
[info] 
[info] ✔  Success! Logged into GitHub as mandaleeyp 
[info] 
[debug] [2023-04-25T07:33:03.098Z] >>> [apiv2][query] GET https://api.github.com/repos//actions/secrets/public-key type=owner
[debug] [2023-04-25T07:33:03.382Z] <<< [apiv2][status] GET https://api.github.com/repos//actions/secrets/public-key 404
[debug] [2023-04-25T07:33:03.382Z] <<< [apiv2][body] GET https://api.github.com/repos//actions/secrets/public-key {"message":"Not Found","documentation_url":"https://docs.github.com/rest"}
[info] 
[info] 
[error] ⚠  The provided authorization cannot be used with this repository. If this repository is in an organization, did you remember to grant access? 
[info] 
[info] i  Action required: Visit this URL to ensure access has been granted to the appropriate organization(s) for the Firebase CLI GitHub OAuth App: 
[info] https://github.com/settings/connections/applications/89cf50f02ac6aaed3484
[info] 
[debug] [2023-04-25T07:33:47.146Z] >>> [apiv2][query] GET https://api.github.com/repos//actions/secrets/public-key type=owner
[debug] [2023-04-25T07:33:47.410Z] <<< [apiv2][status] GET https://api.github.com/repos//actions/secrets/public-key 404
[debug] [2023-04-25T07:33:47.410Z] <<< [apiv2][body] GET https://api.github.com/repos//actions/secrets/public-key {"message":"Not Found","documentation_url":"https://docs.github.com/rest"}
[info] 
[info] 
[error] ⚠  The provided authorization cannot be used with this repository. If this repository is in an organization, did you remember to grant access? 
[info] 
[info] i  Action required: Visit this URL to ensure access has been granted to the appropriate organization(s) for the Firebase CLI GitHub OAuth App: 
[info] https://github.com/settings/connections/applications/89cf50f02ac6aaed3484
[info] 
[debug] [2023-04-25T07:33:48.372Z] >>> [apiv2][query] GET https://api.github.com/repos//actions/secrets/public-key type=owner
[debug] [2023-04-25T07:33:48.642Z] <<< [apiv2][status] GET https://api.github.com/repos//actions/secrets/public-key 404
[debug] [2023-04-25T07:33:48.643Z] <<< [apiv2][body] GET https://api.github.com/repos//actions/secrets/public-key {"message":"Not Found","documentation_url":"https://docs.github.com/rest"}
[info] 
[info] 
[error] ⚠  The provided authorization cannot be used with this repository. If this repository is in an organization, did you remember to grant access? 
[info] 
[info] i  Action required: Visit this URL to ensure access has been granted to the appropriate organization(s) for the Firebase CLI GitHub OAuth App: 
[info] https://github.com/settings/connections/applications/89cf50f02ac6aaed3484
[info] 
